Performing C SOURCE FILE Test CMAKE_HAVE_LIBC_PTHREAD failed with the following output:
Change Dir: /home/lin/Data/project/catkin_ws_rotors/src/rotors_simulator/rotors_gazebo/cmake-build-debug/CMakeFiles/CMakeTmp

Run Build Command(s):/usr/bin/make cmTC_6a74a/fast && /usr/bin/make -f CMakeFiles/cmTC_6a74a.dir/build.make CMakeFiles/cmTC_6a74a.dir/build
make[1]: Entering directory '/home/lin/Data/project/catkin_ws_rotors/src/rotors_simulator/rotors_gazebo/cmake-build-debug/CMakeFiles/CMakeTmp'
Building C object CMakeFiles/cmTC_6a74a.dir/src.c.o
/usr/bin/cc   -DCMAKE_HAVE_LIBC_PTHREAD   -o CMakeFiles/cmTC_6a74a.dir/src.c.o   -c /home/lin/Data/project/catkin_ws_rotors/src/rotors_simulator/rotors_gazebo/cmake-build-debug/CMakeFiles/CMakeTmp/src.c
Linking C executable cmTC_6a74a
/home/lin/clion-2019.2.5/bin/cmake/linux/bin/cmake -E cmake_link_script CMakeFiles/cmTC_6a74a.dir/link.txt --verbose=1
/usr/bin/cc  -DCMAKE_HAVE_LIBC_PTHREAD    -rdynamic CMakeFiles/cmTC_6a74a.dir/src.c.o  -o cmTC_6a74a 
CMakeFiles/cmTC_6a74a.dir/src.c.o: In function `main':
src.c:(.text+0x3c): undefined reference to `pthread_create'
src.c:(.text+0x48): undefined reference to `pthread_detach'
src.c:(.text+0x59): undefined reference to `pthread_join'
src.c:(.text+0x6d): undefined reference to `pthread_atfork'
collect2: error: ld returned 1 exit status
CMakeFiles/cmTC_6a74a.dir/build.make:86: recipe for target 'cmTC_6a74a' failed
make[1]: *** [cmTC_6a74a] Error 1
make[1]: Leaving directory '/home/lin/Data/project/catkin_ws_rotors/src/rotors_simulator/rotors_gazebo/cmake-build-debug/CMakeFiles/CMakeTmp'
Makefile:121: recipe for target 'cmTC_6a74a/fast' failed
make: *** [cmTC_6a74a/fast] Error 2


Source file was:
#include <pthread.h>

void* test_func(void* data)
{
  return data;
}

int main(void)
{
  pthread_t thread;
  pthread_create(&thread, NULL, test_func, NULL);
  pthread_detach(thread);
  pthread_join(thread, NULL);
  pthread_atfork(NULL, NULL, NULL);
  pthread_exit(NULL);

  return 0;
}

Determining if the function pthread_create exists in the pthreads failed with the following output:
Change Dir: /home/lin/Data/project/catkin_ws_rotors/src/rotors_simulator/rotors_gazebo/cmake-build-debug/CMakeFiles/CMakeTmp

Run Build Command(s):/usr/bin/make cmTC_6faf7/fast && /usr/bin/make -f CMakeFiles/cmTC_6faf7.dir/build.make CMakeFiles/cmTC_6faf7.dir/build
make[1]: Entering directory '/home/lin/Data/project/catkin_ws_rotors/src/rotors_simulator/rotors_gazebo/cmake-build-debug/CMakeFiles/CMakeTmp'
Building C object CMakeFiles/cmTC_6faf7.dir/CheckFunctionExists.c.o
/usr/bin/cc   -DCHECK_FUNCTION_EXISTS=pthread_create   -o CMakeFiles/cmTC_6faf7.dir/CheckFunctionExists.c.o   -c /home/lin/clion-2019.2.5/bin/cmake/linux/share/cmake-3.15/Modules/CheckFunctionExists.c
Linking C executable cmTC_6faf7
/home/lin/clion-2019.2.5/bin/cmake/linux/bin/cmake -E cmake_link_script CMakeFiles/cmTC_6faf7.dir/link.txt --verbose=1
/usr/bin/cc  -DCHECK_FUNCTION_EXISTS=pthread_create    -rdynamic CMakeFiles/cmTC_6faf7.dir/CheckFunctionExists.c.o  -o cmTC_6faf7 -lpthreads 
/usr/bin/ld: cannot find -lpthreads
collect2: error: ld returned 1 exit status
CMakeFiles/cmTC_6faf7.dir/build.make:86: recipe for target 'cmTC_6faf7' failed
make[1]: *** [cmTC_6faf7] Error 1
make[1]: Leaving directory '/home/lin/Data/project/catkin_ws_rotors/src/rotors_simulator/rotors_gazebo/cmake-build-debug/CMakeFiles/CMakeTmp'
Makefile:121: recipe for target 'cmTC_6faf7/fast' failed
make: *** [cmTC_6faf7/fast] Error 2



